<?xml version="1.0" encoding="UTF-8"?>
<!-- Generated by org.testng.reporters.JUnitReportReporter -->
<testsuite hostname="LAPTOP-U55Q2G31" failures="0" tests="1" name="packone.sample" time="0.018" errors="0" timestamp="2025-02-06T17:02:46 GMT-05:00" skipped="0">
  <testcase classname="packone.sample" name="f" time="0.018"/>
</testsuite> <!-- packone.sample -->
